<?xml version="1.0" encoding="UTF-8"?>
<!-- Generated by org.testng.reporters.JUnitReportReporter -->
<testsuite hostname="DESKTOP-CV98FLB" failures="0" tests="1" name="patternPackage.FinalOne" time="0.102" errors="0" timestamp="2023-12-21T20:53:50 IST" skipped="0">
  <testcase classname="patternPackage.FinalOne" name="finalMethod" time="0.102"/>
</testsuite> <!-- patternPackage.FinalOne -->
