<?xml version="1.0" encoding="UTF-8"?>
<!-- Generated by org.testng.reporters.JUnitReportReporter -->
<testsuite hostname="DESKTOP-CV98FLB" failures="0" tests="1" name="patternPackage.ReverseLETriangle" time="0.021" errors="0" timestamp="2023-12-21T16:48:57 IST" skipped="0">
  <testcase classname="patternPackage.ReverseLETriangle" name="RTriangleMethod" time="0.021"/>
</testsuite> <!-- patternPackage.ReverseLETriangle -->
