<?xml version="1.0" encoding="UTF-8"?>
<!-- Generated by org.testng.reporters.JUnitReportReporter -->
<testsuite hostname="DESKTOP-CV98FLB" failures="0" tests="1" name="patternPackage.RTriangle" time="0.013" errors="0" timestamp="2023-12-21T20:53:50 IST" skipped="0">
  <testcase classname="patternPackage.RTriangle" name="RTriangleMethod" time="0.013"/>
</testsuite> <!-- patternPackage.RTriangle -->
