<?xml version="1.0" encoding="UTF-8"?>
<!-- Generated by org.testng.reporters.JUnitReportReporter -->
<testsuite hostname="DESKTOP-CV98FLB" failures="0" tests="1" name="patternPackage.LTriangle" time="0.025" errors="0" timestamp="2023-12-22T12:33:49 IST" skipped="0">
  <testcase classname="patternPackage.LTriangle" name="LTriangleMethod" time="0.025"/>
</testsuite> <!-- patternPackage.LTriangle -->
